<?xml version="1.0" encoding="UTF-8" ?>
<testsuite tests="29" failures="0" name="br.com.anteros.nextcloud.api.NextcloudConnectorTest" time="0.004" errors="0" skipped="0">
  <properties>
    <property name="java.runtime.name" value="Java(TM) SE Runtime Environment"/>
    <property name="sun.boot.library.path" value="/Library/Java/JavaVirtualMachines/jdk1.8.0_60.jdk/Contents/Home/jre/lib"/>
    <property name="java.vm.version" value="25.60-b23"/>
    <property name="gopherProxySet" value="false"/>
    <property name="java.vm.vendor" value="Oracle Corporation"/>
    <property name="maven.multiModuleProjectDirectory" value="/Volumes/dadosmac/projetos/workspace_anteros_produtos/Anteros-NextCloud"/>
    <property name="java.vendor.url" value="http://java.oracle.com/"/>
    <property name="path.separator" value=":"/>
    <property name="guice.disable.misplaced.annotation.check" value="true"/>
    <property name="java.vm.name" value="Java HotSpot(TM) 64-Bit Server VM"/>
    <property name="file.encoding.pkg" value="sun.io"/>
    <property name="user.country" value="BR"/>
    <property name="sun.java.launcher" value="SUN_STANDARD"/>
    <property name="sun.os.patch.level" value="unknown"/>
    <property name="java.vm.specification.name" value="Java Virtual Machine Specification"/>
    <property name="user.dir" value="/Volumes/dadosmac/projetos/workspace_anteros_produtos/Anteros-NextCloud"/>
    <property name="java.runtime.version" value="1.8.0_60-b27"/>
    <property name="java.awt.graphicsenv" value="sun.awt.CGraphicsEnvironment"/>
    <property name="java.endorsed.dirs" value="/Library/Java/JavaVirtualMachines/jdk1.8.0_60.jdk/Contents/Home/jre/lib/endorsed"/>
    <property name="os.arch" value="x86_64"/>
    <property name="java.io.tmpdir" value="/var/folders/bl/qt4g4cnx2k14w_5flhm3_1rw0000gn/T/"/>
    <property name="line.separator" value="
"/>
    <property name="java.vm.specification.vendor" value="Oracle Corporation"/>
    <property name="os.name" value="Mac OS X"/>
    <property name="classworlds.conf" value="/Volumes/dadosmac/projetos/workspace_anteros_produtos/.metadata/.plugins/org.eclipse.m2e.launching/launches/m2conf1744734477630461533.tmp"/>
    <property name="sun.jnu.encoding" value="UTF-8"/>
    <property name="java.library.path" value="/Users/edson/Library/Java/Extensions:/Library/Java/Extensions:/Network/Library/Java/Extensions:/System/Library/Java/Extensions:/usr/lib/java:."/>
    <property name="java.specification.name" value="Java Platform API Specification"/>
    <property name="java.class.version" value="52.0"/>
    <property name="sun.management.compiler" value="HotSpot 64-Bit Tiered Compilers"/>
    <property name="os.version" value="10.12.6"/>
    <property name="http.nonProxyHosts" value="local|*.local|169.254/16|*.169.254/16"/>
    <property name="user.home" value="/Users/edson"/>
    <property name="user.timezone" value="America/Sao_Paulo"/>
    <property name="java.awt.printerjob" value="sun.lwawt.macosx.CPrinterJob"/>
    <property name="java.specification.version" value="1.8"/>
    <property name="file.encoding" value="UTF-8"/>
    <property name="user.name" value="edson"/>
    <property name="java.class.path" value="/Volumes/dadosmac/java/ferramentas/Eclipse Neon1/Eclipse.app/Contents/Eclipse/plugins/org.eclipse.m2e.maven.runtime_1.7.0.20160603-1931/jars/plexus-classworlds-2.5.2.jar"/>
    <property name="java.vm.specification.version" value="1.8"/>
    <property name="sun.arch.data.model" value="64"/>
    <property name="java.home" value="/Library/Java/JavaVirtualMachines/jdk1.8.0_60.jdk/Contents/Home/jre"/>
    <property name="sun.java.command" value="org.codehaus.plexus.classworlds.launcher.Launcher -B install"/>
    <property name="java.specification.vendor" value="Oracle Corporation"/>
    <property name="user.language" value="pt"/>
    <property name="awt.toolkit" value="sun.lwawt.macosx.LWCToolkit"/>
    <property name="java.vm.info" value="mixed mode"/>
    <property name="java.version" value="1.8.0_60"/>
    <property name="java.ext.dirs" value="/Users/edson/Library/Java/Extensions:/Library/Java/JavaVirtualMachines/jdk1.8.0_60.jdk/Contents/Home/jre/lib/ext:/Library/Java/Extensions:/Network/Library/Java/Extensions:/System/Library/Java/Extensions:/usr/lib/java"/>
    <property name="sun.boot.class.path" value="/Library/Java/JavaVirtualMachines/jdk1.8.0_60.jdk/Contents/Home/jre/lib/resources.jar:/Library/Java/JavaVirtualMachines/jdk1.8.0_60.jdk/Contents/Home/jre/lib/rt.jar:/Library/Java/JavaVirtualMachines/jdk1.8.0_60.jdk/Contents/Home/jre/lib/sunrsasign.jar:/Library/Java/JavaVirtualMachines/jdk1.8.0_60.jdk/Contents/Home/jre/lib/jsse.jar:/Library/Java/JavaVirtualMachines/jdk1.8.0_60.jdk/Contents/Home/jre/lib/jce.jar:/Library/Java/JavaVirtualMachines/jdk1.8.0_60.jdk/Contents/Home/jre/lib/charsets.jar:/Library/Java/JavaVirtualMachines/jdk1.8.0_60.jdk/Contents/Home/jre/lib/jfr.jar:/Library/Java/JavaVirtualMachines/jdk1.8.0_60.jdk/Contents/Home/jre/classes"/>
    <property name="java.vendor" value="Oracle Corporation"/>
    <property name="maven.home" value="/Volumes/dadosmac/projetos/workspace_anteros_produtos/Anteros-NextCloud/EMBEDDED"/>
    <property name="file.separator" value="/"/>
    <property name="java.vendor.url.bug" value="http://bugreport.sun.com/bugreport/"/>
    <property name="sun.cpu.endian" value="little"/>
    <property name="sun.io.unicode.encoding" value="UnicodeBig"/>
    <property name="socksNonProxyHosts" value="local|*.local|169.254/16|*.169.254/16"/>
    <property name="ftp.nonProxyHosts" value="local|*.local|169.254/16|*.169.254/16"/>
    <property name="sun.cpu.isalist" value=""/>
  </properties>
  <testcase classname="br.com.anteros.nextcloud.api.NextcloudConnectorTest" name="t01_testCreateUser" time="0"/>
  <testcase classname="br.com.anteros.nextcloud.api.NextcloudConnectorTest" name="t02_testGetUsers" time="0"/>
  <testcase classname="br.com.anteros.nextcloud.api.NextcloudConnectorTest" name="t03_testGetUsers_3args" time="0"/>
  <testcase classname="br.com.anteros.nextcloud.api.NextcloudConnectorTest" name="t04_testEditUser" time="0"/>
  <testcase classname="br.com.anteros.nextcloud.api.NextcloudConnectorTest" name="t05_testDisableUser" time="0.001"/>
  <testcase classname="br.com.anteros.nextcloud.api.NextcloudConnectorTest" name="t06_testGetUser" time="0"/>
  <testcase classname="br.com.anteros.nextcloud.api.NextcloudConnectorTest" name="t07_testEnableUser" time="0"/>
  <testcase classname="br.com.anteros.nextcloud.api.NextcloudConnectorTest" name="t08_testCreateGroup" time="0"/>
  <testcase classname="br.com.anteros.nextcloud.api.NextcloudConnectorTest" name="t09_testGetGroups_0args" time="0"/>
  <testcase classname="br.com.anteros.nextcloud.api.NextcloudConnectorTest" name="t10_testGetGroups_3args" time="0"/>
  <testcase classname="br.com.anteros.nextcloud.api.NextcloudConnectorTest" name="t11_testAddUserToGroup" time="0"/>
  <testcase classname="br.com.anteros.nextcloud.api.NextcloudConnectorTest" name="t12_testGetGroupsOfUser" time="0.001"/>
  <testcase classname="br.com.anteros.nextcloud.api.NextcloudConnectorTest" name="t13_testGetMembersOfGroup" time="0"/>
  <testcase classname="br.com.anteros.nextcloud.api.NextcloudConnectorTest" name="t14_testPromoteToSubadmin" time="0"/>
  <testcase classname="br.com.anteros.nextcloud.api.NextcloudConnectorTest" name="t15_testGetSubadminGroupsOfUser" time="0"/>
  <testcase classname="br.com.anteros.nextcloud.api.NextcloudConnectorTest" name="t16_testGetSubadminsOfGroup" time="0.001"/>
  <testcase classname="br.com.anteros.nextcloud.api.NextcloudConnectorTest" name="t17_testDemoteSubadmin" time="0"/>
  <testcase classname="br.com.anteros.nextcloud.api.NextcloudConnectorTest" name="t18_testRemoveUserFromGroup" time="0"/>
  <testcase classname="br.com.anteros.nextcloud.api.NextcloudConnectorTest" name="t19_testDeleteUser" time="0"/>
  <testcase classname="br.com.anteros.nextcloud.api.NextcloudConnectorTest" name="t20_testDeleteGroup" time="0"/>
  <testcase classname="br.com.anteros.nextcloud.api.NextcloudConnectorTest" name="t21_testCreateFolder" time="0"/>
  <testcase classname="br.com.anteros.nextcloud.api.NextcloudConnectorTest" name="t22_testGetFolders" time="0"/>
  <testcase classname="br.com.anteros.nextcloud.api.NextcloudConnectorTest" name="t23_testFolderExists" time="0"/>
  <testcase classname="br.com.anteros.nextcloud.api.NextcloudConnectorTest" name="t24_testDeleteFolder" time="0.001"/>
  <testcase classname="br.com.anteros.nextcloud.api.NextcloudConnectorTest" name="t25_testUploadFile" time="0"/>
  <testcase classname="br.com.anteros.nextcloud.api.NextcloudConnectorTest" name="t26_testFileExists" time="0"/>
  <testcase classname="br.com.anteros.nextcloud.api.NextcloudConnectorTest" name="t27_testRemoveFile" time="0"/>
  <testcase classname="br.com.anteros.nextcloud.api.NextcloudConnectorTest" name="t28_testList" time="0"/>
  <testcase classname="br.com.anteros.nextcloud.api.NextcloudConnectorTest" name="t29_testListRecursive" time="0"/>
</testsuite>